4,BEGIN_LOG,1741852791132,15,"NA Megaserver","en","eso.live.10.3"
5,ZONE_CHANGED,1154,"Moon-Sugar Meadow",NONE
5,UNIT_ADDED,1,PLAYER,T,2,0,F,3,9,"Pancâke","@TheMrPancake",9687866299720311023,50,1676,0,PLAYER_ALLY,F
2444,ABILITY_INFO,43706,"Sense Weakness","/esoui/art/icons/ability_mage_065.dds",T,T
2444,EFFECT_INFO,43706,BUFF,NONE,NEVER
2444,MAP_CHANGED,1721,"Moon-Sugar Meadow","housing/moonsugarmeadow_base"
2444,EFFECT_CHANGED,FADED,1,5208582,43706,1,23610/23610,19166/19166,14479/14479,500/500,1000/1000,0,0.6306,0.6790,3.8406,*
2448,ABILITY_INFO,28541,"Swap Weapons","/esoui/art/icons/ability_warrior_003.dds",T,T
2448,BEGIN_CAST,0,F,5212706,28541,1,23610/23610,19166/19166,14479/14479,500/500,1000/1000,0,0.6306,0.6790,3.8406,*
2448,END_CAST,COMPLETED,5212706,28541
3577,UNIT_ADDED,268435457,MONSTER,F,0,90443,F,0,0,"Target Iron Atronach, Trial","",0,50,0,0,NEUTRAL,F
3577,ABILITY_INFO,16499,"Light Attack (Dual Wield)","/esoui/art/icons/death_recap_melee_basic.dds",T,T
3577,BEGIN_CAST,0,F,5212717,16499,1,23610/23610,19166/19166,14479/14479,500/500,1000/1000,0,0.6306,0.6790,3.8406,268435457,21002944/21002944,0/0,0/0,0/0,0/0,0,0.6388,0.6876,3.8273
3577,END_CAST,COMPLETED,5212717,16499
3594,ABILITY_INFO,215494,"Siphoning Attacks","/esoui/art/icons/ability_nightblade_003_b.dds",F,F
3594,COMBAT_EVENT,HEAL,GENERIC,0,0,1263,5206993,215494,1,23610/23610,19166/19166,14479/14479,500/500,1000/1000,0,0.6306,0.6790,3.8406,*
3594,ABILITY_INFO,120017,"Minor Sorcery","/esoui/art/icons/ability_buff_minor_sorcery.dds",F,T
3594,EFFECT_INFO,120017,BUFF,NONE,NEVER
3594,EFFECT_CHANGED,GAINED,1,5207020,120017,268435457,21002944/21002944,0/0,0/0,0/0,0/0,0,0.6388,0.6876,3.8273,1,23610/23610,19166/19166,14479/14479,500/500,1000/1000,0,0.6306,0.6790,3.8406
3594,ABILITY_INFO,61685,"Minor Sorcery","/esoui/art/icons/ability_buff_minor_sorcery.dds",T,T
3594,EFFECT_INFO,61685,BUFF,NONE,DEFAULT
3594,EFFECT_CHANGED,GAINED,1,0,61685,268435457,21002944/21002944,0/0,0/0,0/0,0/0,0,0.6388,0.6876,3.8273,1,23610/23610,19166/19166,14479/14479,500/500,1000/1000,0,0.6306,0.6790,3.8406
3594,EFFECT_CHANGED,UPDATED,1,5207020,120017,268435457,21002944/21002944,0/0,0/0,0/0,0/0,0,0.6388,0.6876,3.8273,1,23610/23610,19166/19166,14479/14479,500/500,1000/1000,0,0.6306,0.6790,3.8406
3594,EFFECT_CHANGED,UPDATED,1,0,61685,268435457,21002944/21002944,0/0,0/0,0/0,0/0,0,0.6388,0.6876,3.8273,1,23610/23610,19166/19166,14479/14479,500/500,1000/1000,0,0.6306,0.6790,3.8406
3594,ABILITY_INFO,120023,"Minor Brutality","/esoui/art/icons/ability_buff_minor_brutality.dds",F,T
3594,EFFECT_INFO,120023,BUFF,NONE,NEVER
3594,EFFECT_CHANGED,GAINED,1,5207020,120023,268435457,21002944/21002944,0/0,0/0,0/0,0/0,0,0.6388,0.6876,3.8273,1,23610/23610,19166/19166,14479/14479,500/500,1000/1000,0,0.6306,0.6790,3.8406
3594,ABILITY_INFO,61662,"Minor Brutality","/esoui/art/icons/ability_buff_minor_brutality.dds",F,T
3594,EFFECT_INFO,61662,BUFF,NONE,DEFAULT
3594,EFFECT_CHANGED,GAINED,1,0,61662,268435457,21002944/21002944,0/0,0/0,0/0,0/0,0,0.6388,0.6876,3.8273,1,23610/23610,19166/19166,14479/14479,500/500,1000/1000,0,0.6306,0.6790,3.8406
3594,EFFECT_CHANGED,UPDATED,1,5207020,120023,268435457,21002944/21002944,0/0,0/0,0/0,0/0,0,0.6388,0.6876,3.8273,1,23610/23610,19166/19166,14479/14479,500/500,1000/1000,0,0.6306,0.6790,3.8406
3594,EFFECT_CHANGED,UPDATED,1,0,61662,268435457,21002944/21002944,0/0,0/0,0/0,0/0,0,0.6388,0.6876,3.8273,1,23610/23610,19166/19166,14479/14479,500/500,1000/1000,0,0.6306,0.6790,3.8406
3594,ABILITY_INFO,120028,"Minor Prophecy","/esoui/art/icons/ability_buff_minor_prophecy.dds",F,T
3594,EFFECT_INFO,120028,BUFF,NONE,NEVER
3594,EFFECT_CHANGED,GAINED,1,5207020,120028,268435457,21002944/21002944,0/0,0/0,0/0,0/0,0,0.6388,0.6876,3.8273,1,23610/23610,19166/19166,14479/14479,500/500,1000/1000,0,0.6306,0.6790,3.8406
3594,ABILITY_INFO,61691,"Minor Prophecy","/esoui/art/icons/ability_buff_minor_prophecy.dds",T,T
3594,EFFECT_INFO,61691,BUFF,NONE,DEFAULT
3594,EFFECT_CHANGED,GAINED,1,0,61691,268435457,21002944/21002944,0/0,0/0,0/0,0/0,0,0.6388,0.6876,3.8273,1,23610/23610,19166/19166,14479/14479,500/500,1000/1000,0,0.6306,0.6790,3.8406
3594,EFFECT_CHANGED,UPDATED,1,5207020,120028,268435457,21002944/21002944,0/0,0/0,0/0,0/0,0,0.6388,0.6876,3.8273,1,23610/23610,19166/19166,14479/14479,500/500,1000/1000,0,0.6306,0.6790,3.8406
3594,EFFECT_CHANGED,UPDATED,1,0,61691,268435457,21002944/21002944,0/0,0/0,0/0,0/0,0,0.6388,0.6876,3.8273,1,23610/23610,19166/19166,14479/14479,500/500,1000/1000,0,0.6306,0.6790,3.8406
3594,ABILITY_INFO,120029,"Minor Savagery","/esoui/art/icons/ability_buff_minor_savagery.dds",F,T
3594,EFFECT_INFO,120029,BUFF,NONE,NEVER
3594,EFFECT_CHANGED,GAINED,1,5207020,120029,268435457,21002944/21002944,0/0,0/0,0/0,0/0,0,0.6388,0.6876,3.8273,1,23610/23610,19166/19166,14479/14479,500/500,1000/1000,0,0.6306,0.6790,3.8406
3594,ABILITY_INFO,61666,"Minor Savagery","/esoui/art/icons/ability_buff_minor_savagery.dds",T,T
3594,EFFECT_INFO,61666,BUFF,NONE,DEFAULT
3594,EFFECT_CHANGED,GAINED,1,0,61666,268435457,21002944/21002944,0/0,0/0,0/0,0/0,0,0.6388,0.6876,3.8273,1,23610/23610,19166/19166,14479/14479,500/500,1000/1000,0,0.6306,0.6790,3.8406
3594,EFFECT_CHANGED,UPDATED,1,5207020,120029,268435457,21002944/21002944,0/0,0/0,0/0,0/0,0,0.6388,0.6876,3.8273,1,23610/23610,19166/19166,14479/14479,500/500,1000/1000,0,0.6306,0.6790,3.8406
3594,EFFECT_CHANGED,UPDATED,1,0,61666,268435457,21002944/21002944,0/0,0/0,0/0,0/0,0,0.6388,0.6876,3.8273,1,23610/23610,19166/19166,14479/14479,500/500,1000/1000,0,0.6306,0.6790,3.8406
3594,ABILITY_INFO,120008,"Minor Berserk","/esoui/art/icons/ability_buff_minor_berserk.dds",F,T
3594,EFFECT_INFO,120008,BUFF,NONE,NEVER
3594,EFFECT_CHANGED,GAINED,1,5207020,120008,268435457,21002944/21002944,0/0,0/0,0/0,0/0,0,0.6388,0.6876,3.8273,1,23610/23610,19166/19166,14479/14479,500/500,1000/1000,0,0.6306,0.6790,3.8406
3594,ABILITY_INFO,61744,"Minor Berserk","/esoui/art/icons/ability_buff_minor_berserk.dds",F,T
3594,EFFECT_INFO,61744,BUFF,NONE,DEFAULT
3594,EFFECT_CHANGED,GAINED,1,0,61744,268435457,21002944/21002944,0/0,0/0,0/0,0/0,0,0.6388,0.6876,3.8273,1,23610/23610,19166/19166,14479/14479,500/500,1000/1000,0,0.6306,0.6790,3.8406
3594,EFFECT_CHANGED,UPDATED,1,5207020,120008,268435457,21002944/21002944,0/0,0/0,0/0,0/0,0,0.6388,0.6876,3.8273,1,23610/23610,19166/19166,14479/14479,500/500,1000/1000,0,0.6306,0.6790,3.8406
3594,EFFECT_CHANGED,UPDATED,1,0,61744,268435457,21002944/21002944,0/0,0/0,0/0,0/0,0,0.6388,0.6876,3.8273,1,23610/23610,19166/19166,14479/14479,500/500,1000/1000,0,0.6306,0.6790,3.8406
3594,ABILITY_INFO,120015,"Major Courage","/esoui/art/icons/ability_mage_045.dds",F,T
3594,EFFECT_INFO,120015,BUFF,NONE,NEVER
3594,EFFECT_CHANGED,GAINED,1,5207020,120015,268435457,21002944/21002944,0/0,0/0,0/0,0/0,0,0.6388,0.6876,3.8273,1,23610/23610,19166/19166,14479/14479,500/500,1000/1000,0,0.6306,0.6790,3.8406
3594,ABILITY_INFO,109966,"Major Courage","/esoui/art/icons/ability_buff_major_courage.dds",F,T
3594,EFFECT_INFO,109966,BUFF,NONE,DEFAULT
3594,EFFECT_CHANGED,GAINED,1,0,109966,268435457,21002944/21002944,0/0,0/0,0/0,0/0,0,0.6388,0.6876,3.8273,1,23610/23610,19166/19166,14479/14479,500/500,1000/1000,0,0.6306,0.6790,3.8406
3595,EFFECT_CHANGED,UPDATED,1,5207020,120015,268435457,21002944/21002944,0/0,0/0,0/0,0/0,0,0.6388,0.6876,3.8273,1,23610/23610,19166/19166,14479/14479,500/500,1000/1000,0,0.6306,0.6790,3.8406
3595,EFFECT_CHANGED,UPDATED,1,0,109966,268435457,21002944/21002944,0/0,0/0,0/0,0/0,0,0.6388,0.6876,3.8273,1,23610/23610,19166/19166,14479/14479,500/500,1000/1000,0,0.6306,0.6790,3.8406
3595,ABILITY_INFO,177885,"Minor Courage","/esoui/art/icons/ability_mage_045.dds",F,T
3595,EFFECT_INFO,177885,BUFF,NONE,NEVER
3595,EFFECT_CHANGED,GAINED,1,5207020,177885,268435457,21002944/21002944,0/0,0/0,0/0,0/0,0,0.6388,0.6876,3.8273,1,23610/23610,19166/19166,14479/14479,500/500,1000/1000,0,0.6306,0.6790,3.8406
3595,ABILITY_INFO,147417,"Minor Courage","/esoui/art/icons/ability_buff_minor_courage.dds",F,T
3595,EFFECT_INFO,147417,BUFF,NONE,DEFAULT
3595,EFFECT_CHANGED,GAINED,1,0,147417,268435457,21002944/21002944,0/0,0/0,0/0,0/0,0,0.6388,0.6876,3.8273,1,23610/23610,19166/19166,14479/14479,500/500,1000/1000,0,0.6306,0.6790,3.8406
3595,EFFECT_CHANGED,UPDATED,1,5207020,177885,268435457,21002944/21002944,0/0,0/0,0/0,0/0,0,0.6388,0.6876,3.8273,1,23610/23610,19166/19166,14479/14479,500/500,1000/1000,0,0.6306,0.6790,3.8406
3595,EFFECT_CHANGED,UPDATED,1,0,147417,268435457,21002944/21002944,0/0,0/0,0/0,0/0,0,0.6388,0.6876,3.8273,1,23610/23610,19166/19166,14479/14479,500/500,1000/1000,0,0.6306,0.6790,3.8406
3595,ABILITY_INFO,93109,"Major Slayer","/esoui/art/icons/ability_buff_major_slayer.dds",F,T
3595,EFFECT_INFO,93109,BUFF,NONE,DEFAULT
3595,EFFECT_CHANGED,GAINED,1,5212721,93109,268435457,21002944/21002944,0/0,0/0,0/0,0/0,0,0.6388,0.6876,3.8273,1,23610/23610,19166/19166,14479/14479,500/500,1000/1000,0,0.6306,0.6790,3.8406
3595,EFFECT_CHANGED,UPDATED,1,5212721,93109,268435457,21002944/21002944,0/0,0/0,0/0,0/0,0,0.6388,0.6876,3.8273,1,23610/23610,19166/19166,14479/14479,500/500,1000/1000,0,0.6306,0.6790,3.8406
3595,EFFECT_CHANGED,UPDATED,1,5212721,93109,268435457,21002944/21002944,0/0,0/0,0/0,0/0,0,0.6388,0.6876,3.8273,1,23610/23610,19166/19166,14479/14479,500/500,1000/1000,0,0.6306,0.6790,3.8406
3595,ABILITY_INFO,120020,"Minor Toughness","/esoui/art/icons/achievement_031.dds",F,T
3595,EFFECT_INFO,120020,BUFF,NONE,NEVER
3595,EFFECT_CHANGED,GAINED,1,5207020,120020,268435457,21002944/21002944,0/0,0/0,0/0,0/0,0,0.6388,0.6876,3.8273,1,23610/23610,19166/19166,14479/14479,500/500,1000/1000,0,0.6306,0.6790,3.8406
3595,ABILITY_INFO,88490,"Minor Toughness","/esoui/art/icons/ability_buff_minor_toughness.dds",F,T
3595,EFFECT_INFO,88490,BUFF,NONE,DEFAULT
3595,EFFECT_CHANGED,GAINED,1,0,88490,268435457,21002944/21002944,0/0,0/0,0/0,0/0,0,0.6388,0.6876,3.8273,1,23610/23610,19166/19166,14479/14479,500/500,1000/1000,0,0.6306,0.6790,3.8406
3595,EFFECT_CHANGED,UPDATED,1,5207020,120020,268435457,21002944/21002944,0/0,0/0,0/0,0/0,0,0.6388,0.6876,3.8273,1,23610/23610,19166/19166,14479/14479,500/500,1000/1000,0,0.6306,0.6790,3.8406
3595,EFFECT_CHANGED,UPDATED,1,0,88490,268435457,21002944/21002944,0/0,0/0,0/0,0/0,0,0.6388,0.6876,3.8273,1,23610/23610,19166/19166,14479/14479,500/500,1000/1000,0,0.6306,0.6790,3.8406
3595,ABILITY_INFO,120021,"Aggressive Horn","/esoui/art/icons/ability_ava_003_a.dds",F,T
3595,EFFECT_INFO,120021,BUFF,NONE,DEFAULT
3595,EFFECT_CHANGED,GAINED,1,5207020,120021,268435457,21002944/21002944,0/0,0/0,0/0,0/0,0,0.6388,0.6876,3.8273,1,23610/23610,19166/19166,14479/14479,500/500,1000/1000,0,0.6306,0.6790,3.8406
3595,EFFECT_CHANGED,UPDATED,1,5207020,120021,268435457,21002944/21002944,0/0,0/0,0/0,0/0,0,0.6388,0.6876,3.8273,1,23610/23610,19166/19166,14479/14479,500/500,1000/1000,0,0.6306,0.6790,3.8406
3595,ABILITY_INFO,120025,"Aggressive Horn","/esoui/art/icons/ability_mage_065.dds",F,T
3595,EFFECT_INFO,120025,BUFF,NONE,NEVER
3595,EFFECT_CHANGED,GAINED,1,5207020,120025,268435457,21002944/21002944,0/0,0/0,0/0,0/0,0,0.6388,0.6876,3.8273,1,23610/23610,19166/19166,14479/14479,500/500,1000/1000,0,0.6306,0.6790,3.8406
3595,EFFECT_CHANGED,UPDATED,1,5207020,120025,268435457,21002944/21002944,0/0,0/0,0/0,0/0,0,0.6388,0.6876,3.8273,1,23610/23610,19166/19166,14479/14479,500/500,1000/1000,0,0.6306,0.6790,3.8406
3595,ABILITY_INFO,120013,"Major Force","/esoui/art/icons/ability_buff_major_force.dds",F,T
3595,EFFECT_INFO,120013,BUFF,NONE,NEVER
3595,EFFECT_CHANGED,GAINED,1,5207020,120013,268435457,21002944/21002944,0/0,0/0,0/0,0/0,0,0.6388,0.6876,3.8273,1,23610/23610,19166/19166,14479/14479,500/500,1000/1000,0,0.6306,0.6790,3.8406
3595,ABILITY_INFO,61747,"Major Force","/esoui/art/icons/ability_buff_major_force.dds",F,T
3595,EFFECT_INFO,61747,BUFF,NONE,DEFAULT
3595,EFFECT_CHANGED,GAINED,1,0,61747,268435457,21002944/21002944,0/0,0/0,0/0,0/0,0,0.6388,0.6876,3.8273,1,23610/23610,19166/19166,14479/14479,500/500,1000/1000,0,0.6306,0.6790,3.8406
3595,EFFECT_CHANGED,UPDATED,1,5207020,120013,268435457,21002944/21002944,0/0,0/0,0/0,0/0,0,0.6388,0.6876,3.8273,1,23610/23610,19166/19166,14479/14479,500/500,1000/1000,0,0.6306,0.6790,3.8406
3595,EFFECT_CHANGED,UPDATED,1,0,61747,268435457,21002944/21002944,0/0,0/0,0/0,0/0,0,0.6388,0.6876,3.8273,1,23610/23610,19166/19166,14479/14479,500/500,1000/1000,0,0.6306,0.6790,3.8406
3595,ABILITY_INFO,177886,"Major Slayer","/esoui/art/icons/ability_mage_045.dds",F,T
3595,EFFECT_INFO,177886,BUFF,NONE,NEVER
3595,EFFECT_CHANGED,GAINED,1,5207020,177886,268435457,21002944/21002944,0/0,0/0,0/0,0/0,0,0.6388,0.6876,3.8273,1,23610/23610,19166/19166,14479/14479,500/500,1000/1000,0,0.6306,0.6790,3.8406
3595,EFFECT_CHANGED,UPDATED,1,5207020,177886,268435457,21002944/21002944,0/0,0/0,0/0,0/0,0,0.6388,0.6876,3.8273,1,23610/23610,19166/19166,14479/14479,500/500,1000/1000,0,0.6306,0.6790,3.8406
3595,ABILITY_INFO,88401,"Minor Magickasteal","/esoui/art/icons/ability_buff_minor_magickasteal.dds",F,T
3595,EFFECT_INFO,88401,DEBUFF,NONE,DEFAULT
3595,EFFECT_CHANGED,GAINED,1,5212722,88401,268435457,21002944/21002944,0/0,0/0,0/0,0/0,0,0.6388,0.6876,3.8273,*
3595,EFFECT_CHANGED,UPDATED,1,5212722,88401,268435457,21002944/21002944,0/0,0/0,0/0,0/0,0,0.6388,0.6876,3.8273,*
3595,EFFECT_CHANGED,UPDATED,1,5212722,88401,268435457,21002944/21002944,0/0,0/0,0/0,0/0,0,0.6388,0.6876,3.8273,*
3595,ABILITY_INFO,120014,"Off Balance","/esoui/art/icons/ability_debuff_offbalance.dds",F,T
3595,COMBAT_EVENT,OFFBALANCE,GENERIC,0,0,0,5207020,120014,268435457,21002944/21002944,0/0,0/0,0/0,0/0,0,0.6388,0.6876,3.8273,*
3595,EFFECT_INFO,120014,DEBUFF,NONE,DEFAULT
3595,EFFECT_CHANGED,GAINED,1,5207020,120014,268435457,21002944/21002944,0/0,0/0,0/0,0/0,0,0.6388,0.6876,3.8273,*
3595,ABILITY_INFO,149012,"Minor Magickasteal","/esoui/art/icons/ability_debuff_minor_vulnerability.dds",F,T
3595,EFFECT_INFO,149012,DEBUFF,NONE,NEVER
3595,EFFECT_CHANGED,GAINED,1,5207020,149012,268435457,21002944/21002944,0/0,0/0,0/0,0/0,0,0.6388,0.6876,3.8273,*
3596,EFFECT_CHANGED,UPDATED,1,5207020,149012,268435457,21002944/21002944,0/0,0/0,0/0,0/0,0,0.6388,0.6876,3.8273,*
3596,ABILITY_INFO,120024,"Worm's Raiment","/esoui/art/icons/gear_artifactwormcultlight_head_a.dds",F,T
3596,EFFECT_INFO,120024,BUFF,NONE,DEFAULT
3596,EFFECT_CHANGED,GAINED,1,5207020,120024,268435457,21002944/21002944,0/0,0/0,0/0,0/0,0,0.6388,0.6876,3.8273,1,23610/23610,19166/19166,14479/14479,500/500,1000/1000,0,0.6306,0.6790,3.8406
3596,EFFECT_CHANGED,UPDATED,1,5207020,120024,268435457,21002944/21002944,0/0,0/0,0/0,0/0,0,0.6388,0.6876,3.8273,1,23610/23610,19166/19166,14479/14479,500/500,1000/1000,0,0.6306,0.6790,3.8406
3596,ABILITY_INFO,120026,"Hircine's Veneer","/esoui/art/icons/gear_artifactsaviorhidemd_head_a.dds",F,T
3596,EFFECT_INFO,120026,BUFF,NONE,DEFAULT
3596,EFFECT_CHANGED,GAINED,1,5207020,120026,268435457,21002944/21002944,0/0,0/0,0/0,0/0,0,0.6388,0.6876,3.8273,1,23610/23610,19166/19166,14479/14479,500/500,1000/1000,0,0.6306,0.6790,3.8406
3596,EFFECT_CHANGED,UPDATED,1,5207020,120026,268435457,21002944/21002944,0/0,0/0,0/0,0/0,0,0.6388,0.6876,3.8273,1,23610/23610,19166/19166,14479/14479,500/500,1000/1000,0,0.6306,0.6790,3.8406
3596,ABILITY_INFO,122586,"Merciless Resolve","/esoui/art/icons/ability_nightblade_005_b.dds",F,T
3596,EFFECT_INFO,122586,BUFF,NONE,DEFAULT
3596,EFFECT_CHANGED,UPDATED,2,5206990,122586,1,23610/23610,19166/19166,14479/14479,500/500,1000/1000,0,0.6306,0.6790,3.8406,*
3596,EFFECT_CHANGED,UPDATED,2,5206990,122586,1,23610/23610,19166/19166,14479/14479,500/500,1000/1000,0,0.6306,0.6790,3.8406,*
3596,COMBAT_EVENT,DAMAGE,PHYSICAL,4,2755,0,5212717,16499,1,23610/23610,19166/19166,14479/14479,500/500,1000/1000,0,0.6306,0.6790,3.8406,268435457,21000189/21002944,0/0,0/0,0/0,0/0,0,0.6388,0.6876,3.8273
3596,COMBAT_EVENT,POWER_ENERGIZE,GENERIC,1,168,0,5212717,88401,268435457,21000189/21002944,0/0,0/0,0/0,0/0,0,0.6388,0.6876,3.8273,1,23610/23610,19334/19166,14479/14479,500/500,1000/1000,0,0.6306,0.6790,3.8406
3596,BEGIN_COMBAT
3596,ABILITY_INFO,142079,"Sprinter","/esoui/art/icons/ability_mage_065.dds",F,T
3596,EFFECT_INFO,142079,BUFF,NONE,NEVER
3596,ABILITY_INFO,78219,"Blade of Woe","/esoui/art/icons/ability_darkbrotherhood_passive_001.dds",T,T
3596,EFFECT_INFO,78219,BUFF,NONE,NEVER,76325
3596,ABILITY_INFO,72824,"Smoked Bear Haunch","/esoui/art/icons/crafting_meat_001.dds",T,T
3596,EFFECT_INFO,72824,BUFF,NONE,DEFAULT
3596,ABILITY_INFO,150054,"Medium Armor Evasion","/esoui/art/icons/ability_armor_002.dds",F,T
3596,EFFECT_INFO,150054,BUFF,NONE,NEVER
3596,ABILITY_INFO,147459,"Pearls of Ehlnofey","/esoui/art/icons/ability_mage_065.dds",F,T
3596,EFFECT_INFO,147459,BUFF,NONE,NEVER
3596,ABILITY_INFO,46751,"Increase Bash Damage","/esoui/art/icons/ability_mage_065.dds",F,T
3596,EFFECT_INFO,46751,BUFF,NONE,NEVER
3596,ABILITY_INFO,39248,"Continuous Attack","/esoui/art/icons/ability_weapon_028.dds",T,T
3596,EFFECT_INFO,39248,BUFF,NONE,NEVER
3596,ABILITY_INFO,35770,"Feed (P2M Grant Ability)","/esoui/art/icons/ability_mage_065.dds",F,T
3596,EFFECT_INFO,35770,BUFF,NONE,NEVER,33152
3596,ABILITY_INFO,46041,"Dark Stalker","/esoui/art/icons/passive_u26_vampire_01.dds",F,T
3597,EFFECT_INFO,46041,BUFF,NONE,NEVER
3597,ABILITY_INFO,33090,"Undeath","/esoui/art/icons/passive_u26_vampire_03.dds",F,T
3597,EFFECT_INFO,33090,BUFF,NONE,NEVER
3597,ABILITY_INFO,70390,"Robustness","/esoui/art/icons/ability_sorcerer_018.dds",T,T
3597,EFFECT_INFO,70390,BUFF,NONE,NEVER
3597,ABILITY_INFO,117848,"Lunar Blessings","/esoui/art/icons/passive_khajiit_01.dds",T,T
3597,EFFECT_INFO,117848,BUFF,NONE,NEVER
3597,ABILITY_INFO,45301,"Feline Ambush","/esoui/art/icons/ability_armor_006.dds",F,T
3597,EFFECT_INFO,45301,BUFF,NONE,NEVER
3597,ABILITY_INFO,63802,"Improved Hiding","/esoui/art/icons/ability_legerdemain_improvedsneak.dds",F,T
3597,EFFECT_INFO,63802,BUFF,NONE,NEVER
3597,ABILITY_INFO,13984,"Boon: The Shadow","/esoui/art/icons/ability_mundusstones_012.dds",F,T
3597,EFFECT_INFO,13984,BUFF,NONE,DEFAULT
3597,ABILITY_INFO,34741,"Minor Expedition","/esoui/art/icons/ability_mage_065.dds",F,T
3597,EFFECT_INFO,34741,BUFF,NONE,NEVER
3597,ABILITY_INFO,61930,"Merciless Resolve","/esoui/art/icons/ability_mage_065.dds",F,T
3597,EFFECT_INFO,61930,BUFF,NONE,NEVER
3597,ABILITY_INFO,135397,"Vampire Stage 1","/esoui/art/icons/ability_u26_vampire_infection_stage1.dds",F,T
3597,EFFECT_INFO,135397,BUFF,NONE,DEFAULT
3597,ABILITY_INFO,203342,"Major Prophecy","/esoui/art/icons/ability_mage_065.dds",F,T
3597,EFFECT_INFO,203342,BUFF,NONE,NEVER
3597,ABILITY_INFO,215493,"Siphoning Attacks","/esoui/art/icons/ability_nightblade_003_b.dds",F,T
3597,EFFECT_INFO,215493,BUFF,NONE,DEFAULT
3597,ABILITY_INFO,25267,"Concealed Weapon","/esoui/art/icons/ability_nightblade_002_b.dds",F,T
3597,ABILITY_INFO,61919,"Merciless Resolve","/esoui/art/icons/ability_nightblade_005_b.dds",F,T
3597,ABILITY_INFO,34843,"Killer's Blade","/esoui/art/icons/ability_nightblade_017_a.dds",F,T
3597,ABILITY_INFO,36901,"Power Extraction","/esoui/art/icons/ability_nightblade_013_b.dds",F,T
3597,ABILITY_INFO,25380,"Shadowy Disguise","/esoui/art/icons/ability_nightblade_004_a.dds",F,T
3597,ABILITY_INFO,113105,"Incapacitating Strike","/esoui/art/icons/ability_nightblade_007_c.dds",F,T
3597,ABILITY_INFO,36935,"Siphoning Attacks","/esoui/art/icons/ability_nightblade_003_b.dds",F,T
3597,ABILITY_INFO,35419,"Phantasmal Escape","/esoui/art/icons/ability_nightblade_009_b.dds",F,T
3597,ABILITY_INFO,61507,"Resolving Vigor","/esoui/art/icons/ability_ava_resolving_vigor.dds",F,T
3597,ABILITY_INFO,34727,"Healthy Offering","/esoui/art/icons/ability_nightblade_011_a.dds",F,T
3597,ABILITY_INFO,36028,"Refreshing Path","/esoui/art/icons/ability_nightblade_010_a.dds",F,T
3597,PLAYER_INFO,1,[142079,78219,72824,150054,147459,46751,39248,35770,46041,33090,70390,117848,45301,63802,13984,34741,61930,135397,203342,215493,122586,120017,61685,120023,61662,120028,61691,120029,61666,120008,61744,120015,109966,177885,147417,93109,120020,88490,120021,120025,120013,61747,177886,120024,120026],[1,1,1,1,1,1,1,1,1,1,1,1,1,1,1,1,1,0,1,1,2,1,1,1,1,1,1,1,1,1,1,1,1,1,1,1,1,1,1,1,1,1,1,1,1],[[HEAD,185032,T,8,ARMOR_PROSPEROUS,ARCANE,640,INVALID,F,0,NORMAL],[NECK,171437,T,16,JEWELRY_ARCANE,LEGENDARY,576,INCREASE_BASH_DAMAGE,F,35,ARCANE],[CHEST,45095,T,16,ARMOR_REINFORCED,LEGENDARY,0,PRISMATIC_DEFENSE,F,5,LEGENDARY],[SHOULDERS,56058,F,12,ARMOR_NIRNHONED,MAGIC,0,INVALID,F,0,NORMAL],[OFF_HAND,184873,T,6,ARMOR_DIVINES,ARCANE,640,INVALID,F,0,NORMAL],[WAIST,184888,F,1,ARMOR_DIVINES,NORMAL,640,INVALID,F,0,NORMAL],[LEGS,45169,T,1,ARMOR_TRAINING,ARCANE,0,MAGICKA,F,35,MAGIC],[FEET,45061,F,50,ARMOR_IMPENETRABLE,ARTIFACT,0,MAGICKA,F,35,ARCANE],[COSTUME,55262,F,1,NONE,ARCANE,0,INVALID,F,0,NORMAL],[RING1,139657,F,1,JEWELRY_BLOODTHIRSTY,ARTIFACT,0,INVALID,F,0,NORMAL],[RING2,44904,F,0,NONE,LEGENDARY,0,INVALID,F,0,NORMAL],[BACKUP_POISON,79690,F,1,NONE,LEGENDARY,0,INVALID,F,0,NORMAL],[HAND,185058,F,28,ARMOR_STURDY,NORMAL,640,HEALTH,F,30,NORMAL],[BACKUP_MAIN,185007,T,12,WEAPON_CHARGED,MAGIC,640,DAMAGE_SHIELD,F,35,ARTIFACT],[BACKUP_OFF,184897,T,12,WEAPON_PRECISE,NORMAL,640,FROZEN_WEAPON,F,35,ARCANE]],[25267,61919,34843,36901,25380,113105],[36935,35419,61507,34727,36028]
3597,ABILITY_INFO,121572,"Spear Shards","/esoui/art/icons/ability_mage_065.dds",F,T
3597,BEGIN_CAST,0,F,5212723,121572,268435457,21000189/21002944,0/0,0/0,0/0,0/0,0,0.6388,0.6876,3.8273,1,23610/25971,19334/21083,14479/15927,500/500,1000/1000,0,0.6306,0.6790,3.8406
3597,END_CAST,COMPLETED,5212723,121572
3597,EFFECT_INFO,121572,BUFF,NONE,NEVER
3597,EFFECT_CHANGED,GAINED,1,5212723,121572,268435457,21000189/21002944,0/0,0/0,0/0,0/0,0,0.6388,0.6876,3.8273,1,23610/25971,19334/21083,14479/15927,500/500,1000/1000,0,0.6306,0.6790,3.8406
3928,UNIT_CHANGED,268435457,0,0,"Target Iron Atronach, Trial","",0,50,0,0,HOSTILE,F
3928,ABILITY_INFO,121630,"Spear Shards","/esoui/art/icons/ability_templar_sun_strike.dds",F,T
3928,EFFECT_INFO,121630,BUFF,NONE,NEVER,26832
3928,EFFECT_CHANGED,GAINED,1,5212723,121630,268435457,21000189/21002944,0/0,0/0,0/0,0/0,0,0.6388,0.6876,3.8273,1,23610/25971,19334/21083,14479/15927,500/500,1000/1000,0,0.6306,0.6790,3.8406
3928,EFFECT_CHANGED,FADED,1,5212723,121572,268435457,21000189/21002944,0/0,0/0,0/0,0/0,0,0.6388,0.6876,3.8273,1,23610/25971,19334/21083,14479/15927,500/500,1000/1000,0,0.6306,0.6790,3.8406
4744,HEALTH_REGEN,735,1,24345/25971,19334/21083,14479/15927,500/500,1000/1000,0,0.6291,0.6770,3.8484
5561,ABILITY_INFO,134599,"Off Balance Immunity","/esoui/art/icons/achievement_030.dds",F,T
5561,EFFECT_INFO,134599,DEBUFF,NONE,DEFAULT
5561,EFFECT_CHANGED,GAINED,0,0,134599,268435457,0/21002944,0/0,0/0,0/0,0/0,0,0.6388,0.6876,3.8273,*
5562,EFFECT_CHANGED,FADED,1,5207020,120014,268435457,0/21002944,0/0,0/0,0/0,0/0,0,0.6388,0.6876,3.8273,*
5562,EFFECT_CHANGED,FADED,1,5212722,88401,268435457,0/21002944,0/0,0/0,0/0,0/0,0,0.6388,0.6876,3.8273,*
5562,EFFECT_CHANGED,FADED,1,5207020,149012,268435457,0/21002944,0/0,0/0,0/0,0/0,0,0.6388,0.6876,3.8273,*
5562,EFFECT_CHANGED,FADED,0,0,134599,268435457,0/21002944,0/0,0/0,0/0,0/0,0,0.6388,0.6876,3.8273,*
5562,END_COMBAT
5677,EFFECT_CHANGED,FADED,1,5212723,121630,268435457,0/21002944,0/0,0/0,0/0,0/0,0,0.6388,0.6876,3.8273,1,24345/25971,20464/21083,15609/15927,500/500,1000/1000,0,0.6290,0.6769,3.8484
6744,HEALTH_REGEN,1571,1,25916/25971,20464/21083,15609/15927,500/500,1000/1000,0,0.6290,0.6769,3.8484
8534,END_LOG
