6,BEGIN_LOG,1766142608716,15,"NA Megaserver","en","eso.live.11.2"
9,ZONE_CHANGED,1154,"Moon-Sugar Meadow",NONE
9,UNIT_ADDED,1,PLAYER,T,1,0,F,6,1,"Sir Prin","@TheMrPancake",6767740498764907180,50,1934,0,PLAYER_ALLY,F
2584,ABILITY_INFO,14031,"Mundus Use","/esoui/art/icons/ability_debuff_stun.dds",T,T
2584,MAP_CHANGED,1721,"Moon-Sugar Meadow","housing/moonsugarmeadow_base"
2584,BEGIN_CAST,0,F,5531881,14031,1,16000/16000,12000/12000,15261/16936,267/500,1000/1000,0,0.5505,0.4832,5.9006,*
2584,END_CAST,COMPLETED,5531881,14031
2584,COMBAT_EVENT,STUNNED,GENERIC,0,0,0,5531881,14031,1,16000/16000,12000/12000,15261/16936,267/500,1000/1000,0,0.5505,0.4832,5.9006,*
2584,EFFECT_INFO,14031,BUFF,NONE,NEVER
2584,EFFECT_CHANGED,GAINED,1,5531881,14031,1,16000/16000,12000/12000,15261/16936,267/500,1000/1000,0,0.5505,0.4832,5.9006,*
4590,ABILITY_INFO,13978,"Boon: The Lord","/esoui/art/icons/ability_mundusstones_007.dds",F,T
4590,EFFECT_INFO,13978,BUFF,NONE,DEFAULT
4590,EFFECT_CHANGED,GAINED,1,5531886,13978,1,16000/18225,12000/12000,15254/16936,267/500,1000/1000,0,0.5505,0.4832,5.9006,*
4590,EFFECT_CHANGED,UPDATED,1,5531886,13978,1,16000/18225,12000/12000,15254/16936,267/500,1000/1000,0,0.5505,0.4832,5.9006,*
5805,HEALTH_REGEN,1238,1,17238/18225,12000/12000,15254/16936,267/500,1000/1000,0,0.5505,0.4832,5.9006
7608,EFFECT_CHANGED,FADED,1,5531881,14031,1,17238/18225,12000/12000,16774/16936,267/500,1000/1000,0,0.5505,0.4832,5.9006,*
7803,HEALTH_REGEN,987,1,18225/18225,12000/12000,16774/16936,267/500,1000/1000,0,0.5518,0.4828,5.0586
10492,BEGIN_CAST,0,F,5531894,14031,1,18225/18225,12000/12000,16936/16936,267/500,1000/1000,0,0.5654,0.4776,6.0773,*
10492,END_CAST,COMPLETED,5531894,14031
10492,COMBAT_EVENT,STUNNED,GENERIC,0,0,0,5531894,14031,1,18225/18225,12000/12000,16936/16936,267/500,1000/1000,0,0.5654,0.4776,6.0773,*
10492,EFFECT_CHANGED,GAINED,1,5531894,14031,1,18225/18225,12000/12000,16936/16936,267/500,1000/1000,0,0.5654,0.4776,6.0773,*
12479,EFFECT_CHANGED,FADED,1,5531886,13978,1,18225/18225,12000/12000,16936/16936,267/500,1000/1000,0,0.5654,0.4776,6.0773,*
12479,ABILITY_INFO,13982,"Boon: The Atronach","/esoui/art/icons/ability_mundusstones_009.dds",F,T
12479,EFFECT_INFO,13982,BUFF,NONE,DEFAULT
12479,EFFECT_CHANGED,GAINED,1,5531897,13982,1,16000/16000,12000/12000,16936/16936,267/500,1000/1000,0,0.5654,0.4776,6.0773,*
12479,EFFECT_CHANGED,UPDATED,1,5531897,13982,1,16000/16000,12000/12000,16936/16936,267/500,1000/1000,0,0.5654,0.4776,6.0773,*
15493,EFFECT_CHANGED,FADED,1,5531894,14031,1,16000/16000,12000/12000,16936/16936,267/500,1000/1000,0,0.5654,0.4776,6.0773,*
17729,BEGIN_CAST,0,F,5531901,14031,1,16000/16000,12000/12000,16936/16936,267/500,1000/1000,0,0.5801,0.4758,6.0626,*
17729,END_CAST,COMPLETED,5531901,14031
17729,COMBAT_EVENT,STUNNED,GENERIC,0,0,0,5531901,14031,1,16000/16000,12000/12000,16936/16936,267/500,1000/1000,0,0.5801,0.4758,6.0626,*
17729,EFFECT_CHANGED,GAINED,1,5531901,14031,1,16000/16000,12000/12000,16936/16936,267/500,1000/1000,0,0.5801,0.4758,6.0626,*
19743,EFFECT_CHANGED,FADED,1,5531897,13982,1,16000/16000,12000/12000,16936/16936,267/500,1000/1000,0,0.5801,0.4758,6.0626,*
19743,ABILITY_INFO,13975,"Boon: The Thief","/esoui/art/icons/ability_mundusstones_003.dds",F,T
19744,EFFECT_INFO,13975,BUFF,NONE,DEFAULT
19744,EFFECT_CHANGED,GAINED,1,5531904,13975,1,16000/16000,12000/12000,16936/16936,267/500,1000/1000,0,0.5801,0.4758,6.0626,*
19744,EFFECT_CHANGED,UPDATED,1,5531904,13975,1,16000/16000,12000/12000,16936/16936,267/500,1000/1000,0,0.5801,0.4758,6.0626,*
22757,EFFECT_CHANGED,FADED,1,5531901,14031,1,16000/16000,12000/12000,16936/16936,267/500,1000/1000,0,0.5801,0.4758,6.0626,*
24743,BEGIN_CAST,0,F,5531906,14031,1,16000/16000,12000/12000,16936/16936,267/500,1000/1000,0,0.5927,0.4748,5.8430,*
24743,END_CAST,COMPLETED,5531906,14031
24743,COMBAT_EVENT,STUNNED,GENERIC,0,0,0,5531906,14031,1,16000/16000,12000/12000,16936/16936,267/500,1000/1000,0,0.5927,0.4748,5.8430,*
24744,EFFECT_CHANGED,GAINED,1,5531906,14031,1,16000/16000,12000/12000,16936/16936,267/500,1000/1000,0,0.5927,0.4748,5.8430,*
26749,EFFECT_CHANGED,FADED,1,5531904,13975,1,16000/16000,12000/12000,16936/16936,267/500,1000/1000,0,0.5927,0.4748,5.8430,*
26749,ABILITY_INFO,13979,"Boon: The Apprentice","/esoui/art/icons/ability_mundusstones_008.dds",F,T
26749,EFFECT_INFO,13979,BUFF,NONE,DEFAULT
26749,EFFECT_CHANGED,GAINED,1,5532443,13979,1,16000/16000,12000/12000,16936/16936,267/500,1000/1000,0,0.5927,0.4748,5.8430,*
26749,EFFECT_CHANGED,UPDATED,1,5532443,13979,1,16000/16000,12000/12000,16936/16936,267/500,1000/1000,0,0.5927,0.4748,5.8430,*
29750,EFFECT_CHANGED,FADED,1,5531906,14031,1,16000/16000,12000/12000,16936/16936,267/500,1000/1000,0,0.5927,0.4748,5.8430,*
32231,BEGIN_CAST,0,F,5532445,14031,1,16000/16000,12000/12000,16936/16936,267/500,1000/1000,0,0.6051,0.4770,5.6014,*
32231,END_CAST,COMPLETED,5532445,14031
32231,COMBAT_EVENT,STUNNED,GENERIC,0,0,0,5532445,14031,1,16000/16000,12000/12000,16936/16936,267/500,1000/1000,0,0.6051,0.4770,5.6014,*
32231,EFFECT_CHANGED,GAINED,1,5532445,14031,1,16000/16000,12000/12000,16936/16936,267/500,1000/1000,0,0.6051,0.4770,5.6014,*
34223,EFFECT_CHANGED,FADED,1,5532443,13979,1,16000/16000,12000/12000,16936/16936,267/500,1000/1000,0,0.6051,0.4770,5.6014,*
34223,ABILITY_INFO,13984,"Boon: The Shadow","/esoui/art/icons/ability_mundusstones_012.dds",F,T
34223,EFFECT_INFO,13984,BUFF,NONE,DEFAULT
34223,EFFECT_CHANGED,GAINED,1,5532448,13984,1,16000/16000,12000/12000,16936/16936,267/500,1000/1000,0,0.6051,0.4770,5.6014,*
34223,EFFECT_CHANGED,UPDATED,1,5532448,13984,1,16000/16000,12000/12000,16936/16936,267/500,1000/1000,0,0.6051,0.4770,5.6014,*
37237,EFFECT_CHANGED,FADED,1,5532445,14031,1,16000/16000,12000/12000,16936/16936,267/500,1000/1000,0,0.6051,0.4770,5.6014,*
39354,BEGIN_CAST,0,F,5532769,14031,1,16000/16000,12000/12000,16936/16936,267/500,1000/1000,0,0.6139,0.4840,5.4391,*
39354,END_CAST,COMPLETED,5532769,14031
39354,COMBAT_EVENT,STUNNED,GENERIC,0,0,0,5532769,14031,1,16000/16000,12000/12000,16936/16936,267/500,1000/1000,0,0.6139,0.4840,5.4391,*
39354,EFFECT_CHANGED,GAINED,1,5532769,14031,1,16000/16000,12000/12000,16936/16936,267/500,1000/1000,0,0.6139,0.4840,5.4391,*
41363,EFFECT_CHANGED,FADED,1,5532448,13984,1,16000/16000,12000/12000,16936/16936,267/500,1000/1000,0,0.6139,0.4840,5.4391,*
41363,ABILITY_INFO,13974,"Boon: The Serpent","/esoui/art/icons/ability_mundusstones_004.dds",F,T
41364,EFFECT_INFO,13974,BUFF,NONE,DEFAULT
41364,EFFECT_CHANGED,GAINED,1,5532772,13974,1,16000/16000,12000/12000,16936/16936,267/500,1000/1000,0,0.6139,0.4840,5.4391,*
41364,EFFECT_CHANGED,UPDATED,1,5532772,13974,1,16000/16000,12000/12000,16936/16936,267/500,1000/1000,0,0.6139,0.4840,5.4391,*
44360,EFFECT_CHANGED,FADED,1,5532769,14031,1,16000/16000,12000/12000,16936/16936,267/500,1000/1000,0,0.6139,0.4840,5.4391,*
46293,BEGIN_CAST,0,F,5532781,14031,1,16000/16000,12000/12000,16936/16936,267/500,1000/1000,0,0.6206,0.4908,5.0664,*
46293,END_CAST,COMPLETED,5532781,14031
46293,COMBAT_EVENT,STUNNED,GENERIC,0,0,0,5532781,14031,1,16000/16000,12000/12000,16936/16936,267/500,1000/1000,0,0.6206,0.4908,5.0664,*
46294,EFFECT_CHANGED,GAINED,1,5532781,14031,1,16000/16000,12000/12000,16936/16936,267/500,1000/1000,0,0.6206,0.4908,5.0664,*
48298,EFFECT_CHANGED,FADED,1,5532772,13974,1,16000/16000,12000/12000,16936/16936,267/500,1000/1000,0,0.6206,0.4908,5.0664,*
48298,ABILITY_INFO,13980,"Boon: The Ritual","/esoui/art/icons/ability_mundusstones_010.dds",F,T
48298,EFFECT_INFO,13980,BUFF,NONE,DEFAULT
48298,EFFECT_CHANGED,GAINED,1,5532785,13980,1,16000/16000,12000/12000,16936/16936,267/500,1000/1000,0,0.6206,0.4908,5.0664,*
48298,EFFECT_CHANGED,UPDATED,1,5532785,13980,1,16000/16000,12000/12000,16936/16936,267/500,1000/1000,0,0.6206,0.4908,5.0664,*
51298,EFFECT_CHANGED,FADED,1,5532781,14031,1,16000/16000,12000/12000,16936/16936,267/500,1000/1000,0,0.6206,0.4908,5.0664,*
53229,BEGIN_CAST,0,F,5532786,14031,1,16000/16000,12000/12000,16936/16936,267/500,1000/1000,0,0.6244,0.5000,4.8216,*
53229,END_CAST,COMPLETED,5532786,14031
53229,COMBAT_EVENT,STUNNED,GENERIC,0,0,0,5532786,14031,1,16000/16000,12000/12000,16936/16936,267/500,1000/1000,0,0.6244,0.5000,4.8216,*
53229,EFFECT_CHANGED,GAINED,1,5532786,14031,1,16000/16000,12000/12000,16936/16936,267/500,1000/1000,0,0.6244,0.5000,4.8216,*
55231,EFFECT_CHANGED,FADED,1,5532785,13980,1,16000/16000,12000/12000,16936/16936,267/500,1000/1000,0,0.6244,0.5000,4.8216,*
55231,ABILITY_INFO,13985,"Boon: The Tower","/esoui/art/icons/ability_mundusstones_013.dds",F,T
55231,EFFECT_INFO,13985,BUFF,NONE,DEFAULT
55231,EFFECT_CHANGED,GAINED,1,5532788,13985,1,16000/16000,12000/12000,16936/18959,267/500,1000/1000,0,0.6244,0.5000,4.8216,*
55231,EFFECT_CHANGED,UPDATED,1,5532788,13985,1,16000/16000,12000/12000,16936/18959,267/500,1000/1000,0,0.6244,0.5000,4.8216,*
58231,EFFECT_CHANGED,FADED,1,5532786,14031,1,16000/16000,12000/12000,18959/18959,267/500,1000/1000,0,0.6244,0.5000,4.8216,*
60410,BEGIN_CAST,0,F,5532789,14031,1,16000/16000,12000/12000,18959/18959,267/500,1000/1000,0,0.6262,0.5118,4.8492,*
60410,END_CAST,COMPLETED,5532789,14031
60410,COMBAT_EVENT,STUNNED,GENERIC,0,0,0,5532789,14031,1,16000/16000,12000/12000,18959/18959,267/500,1000/1000,0,0.6262,0.5118,4.8492,*
60411,EFFECT_CHANGED,GAINED,1,5532789,14031,1,16000/16000,12000/12000,18959/18959,267/500,1000/1000,0,0.6262,0.5118,4.8492,*
62418,EFFECT_CHANGED,FADED,1,5532788,13985,1,16000/16000,12000/12000,18959/18959,267/500,1000/1000,0,0.6262,0.5118,4.8492,*
62418,ABILITY_INFO,13977,"Boon: The Steed","/esoui/art/icons/ability_mundusstones_006.dds",F,T
62419,EFFECT_INFO,13977,BUFF,NONE,DEFAULT
62419,EFFECT_CHANGED,GAINED,1,5532791,13977,1,16000/16000,12000/12000,16936/16936,267/500,1000/1000,0,0.6262,0.5118,4.8492,*
62419,EFFECT_CHANGED,UPDATED,1,5532791,13977,1,16000/16000,12000/12000,16936/16936,267/500,1000/1000,0,0.6262,0.5118,4.8492,*
65417,EFFECT_CHANGED,FADED,1,5532789,14031,1,16000/16000,12000/12000,16936/16936,267/500,1000/1000,0,0.6262,0.5118,4.8492,*
67251,BEGIN_CAST,0,F,5532793,14031,1,16000/16000,12000/12000,16936/16936,267/500,1000/1000,0,0.6218,0.5193,4.2446,*
67251,END_CAST,COMPLETED,5532793,14031
67252,COMBAT_EVENT,STUNNED,GENERIC,0,0,0,5532793,14031,1,16000/16000,12000/12000,16936/16936,267/500,1000/1000,0,0.6218,0.5193,4.2446,*
67252,EFFECT_CHANGED,GAINED,1,5532793,14031,1,16000/16000,12000/12000,16936/16936,267/500,1000/1000,0,0.6218,0.5193,4.2446,*
69259,EFFECT_CHANGED,FADED,1,5532791,13977,1,16000/16000,12000/12000,16936/16936,267/500,1000/1000,0,0.6218,0.5193,4.2446,*
69259,ABILITY_INFO,13940,"Boon: The Warrior","/esoui/art/icons/ability_mundusstones_001.dds",F,T
69259,EFFECT_INFO,13940,BUFF,NONE,DEFAULT
69259,EFFECT_CHANGED,GAINED,1,5532795,13940,1,16000/16000,12000/12000,16936/16936,267/500,1000/1000,0,0.6218,0.5193,4.2446,*
69259,EFFECT_CHANGED,UPDATED,1,5532795,13940,1,16000/16000,12000/12000,16936/16936,267/500,1000/1000,0,0.6218,0.5193,4.2446,*
72252,EFFECT_CHANGED,FADED,1,5532793,14031,1,16000/16000,12000/12000,16936/16936,267/500,1000/1000,0,0.6218,0.5193,4.2446,*
74946,BEGIN_CAST,0,F,5532800,14031,1,16000/16000,12000/12000,16936/16936,267/500,1000/1000,0,0.6167,0.5281,3.8379,*
74946,END_CAST,COMPLETED,5532800,14031
74946,COMBAT_EVENT,STUNNED,GENERIC,0,0,0,5532800,14031,1,16000/16000,12000/12000,16936/16936,267/500,1000/1000,0,0.6167,0.5281,3.8379,*
74946,EFFECT_CHANGED,GAINED,1,5532800,14031,1,16000/16000,12000/12000,16936/16936,267/500,1000/1000,0,0.6167,0.5281,3.8379,*
76959,EFFECT_CHANGED,FADED,1,5532795,13940,1,16000/16000,12000/12000,16936/16936,267/500,1000/1000,0,0.6167,0.5281,3.8379,*
76959,ABILITY_INFO,13976,"Boon: The Lady","/esoui/art/icons/ability_mundusstones_005.dds",F,T
76959,EFFECT_INFO,13976,BUFF,NONE,DEFAULT
76959,EFFECT_CHANGED,GAINED,1,5532803,13976,1,16000/16000,12000/12000,16936/16936,267/500,1000/1000,0,0.6167,0.5281,3.8379,*
76959,EFFECT_CHANGED,UPDATED,1,5532803,13976,1,16000/16000,12000/12000,16936/16936,267/500,1000/1000,0,0.6167,0.5281,3.8379,*
79953,EFFECT_CHANGED,FADED,1,5532800,14031,1,16000/16000,12000/12000,16936/16936,267/500,1000/1000,0,0.6167,0.5281,3.8379,*
82098,BEGIN_CAST,0,F,5533038,14031,1,16000/16000,12000/12000,16936/16936,267/500,1000/1000,0,0.6089,0.5371,3.4971,*
82098,END_CAST,COMPLETED,5533038,14031
82098,COMBAT_EVENT,STUNNED,GENERIC,0,0,0,5533038,14031,1,16000/16000,12000/12000,16936/16936,267/500,1000/1000,0,0.6089,0.5371,3.4971,*
82098,EFFECT_CHANGED,GAINED,1,5533038,14031,1,16000/16000,12000/12000,16936/16936,267/500,1000/1000,0,0.6089,0.5371,3.4971,*
84106,EFFECT_CHANGED,FADED,1,5532803,13976,1,16000/16000,12000/12000,16936/16936,267/500,1000/1000,0,0.6089,0.5371,3.4971,*
84106,ABILITY_INFO,13943,"Boon: The Mage","/esoui/art/icons/ability_mundusstones_002.dds",F,T
84106,EFFECT_INFO,13943,BUFF,NONE,DEFAULT
84106,EFFECT_CHANGED,GAINED,1,5533041,13943,1,16000/16000,12000/14023,16936/16936,267/500,1000/1000,0,0.6089,0.5371,3.4971,*
84106,EFFECT_CHANGED,UPDATED,1,5533041,13943,1,16000/16000,12000/14023,16936/16936,267/500,1000/1000,0,0.6089,0.5371,3.4971,*
87126,EFFECT_CHANGED,FADED,1,5533038,14031,1,16000/16000,13027/14023,16936/16936,267/500,1000/1000,0,0.6089,0.5371,3.4971,*
89515,BEGIN_CAST,0,F,5533043,14031,1,16000/16000,14023/14023,16936/16936,267/500,1000/1000,0,0.5964,0.5441,3.4027,*
89515,END_CAST,COMPLETED,5533043,14031
89515,COMBAT_EVENT,STUNNED,GENERIC,0,0,0,5533043,14031,1,16000/16000,14023/14023,16936/16936,267/500,1000/1000,0,0.5964,0.5441,3.4027,*
89515,EFFECT_CHANGED,GAINED,1,5533043,14031,1,16000/16000,14023/14023,16936/16936,267/500,1000/1000,0,0.5964,0.5441,3.4027,*
91522,EFFECT_CHANGED,FADED,1,5533041,13943,1,16000/16000,14023/14023,16936/16936,267/500,1000/1000,0,0.5964,0.5441,3.4027,*
91522,ABILITY_INFO,13981,"Boon: The Lover","/esoui/art/icons/ability_mundusstones_011.dds",F,T
91522,EFFECT_INFO,13981,BUFF,NONE,DEFAULT
91522,EFFECT_CHANGED,GAINED,1,5533045,13981,1,16000/16000,12000/12000,16936/16936,267/500,1000/1000,0,0.5964,0.5441,3.4027,*
91522,EFFECT_CHANGED,UPDATED,1,5533045,13981,1,16000/16000,12000/12000,16936/16936,267/500,1000/1000,0,0.5964,0.5441,3.4027,*
94528,EFFECT_CHANGED,FADED,1,5533043,14031,1,16000/16000,12000/12000,16936/16936,267/500,1000/1000,0,0.5964,0.5441,3.4027,*
96770,END_LOG
